0.7969 	WARNING 	We strongly recommend you activate the PTB sound engine in PsychoPy prefs as the preferred audio engine. Its timing is vastly superior. Your prefs are currently set to use ['sounddevice', 'PTB', 'pyo', 'pygame'] (in that order).
19.2543 	WARNING 	User requested fullscreen with size [1366  768], but screen is actually [1440, 900]. Using actual size
20.3831 	EXP 	Created window1 = Window(allowGUI=False, allowStencil=False, args=UNKNOWN, autoLog=True, bitsMode=UNKNOWN, blendMode='avg', bpc=(8, 8, 8), color=array([0., 0., 0.]), colorSpace='rgb', depthBits=8, fullscr=<method-wrapper '__getattribute__' of attributeSetter object at 0x7feb076e7a58>, gamma=None, gammaErrorPolicy='raise', kwargs=UNKNOWN, lms=UNKNOWN, monitor=<psychopy.monitors.calibTools.Monitor object at 0x7feb097ec4a8>, multiSample=False, name='window1', numSamples=2, pos=[360.0, 225.0], screen=0, size=array([2880, 1800]), stencilBits=0, stereo=False, units='height', useFBO=True, useRetina=True, viewOri=0.0, viewPos=None, viewScale=None, waitBlanking=True, winType='pyglet')
20.3834 	EXP 	window1: mouseVisible = True
20.3835 	EXP 	window1: recordFrameIntervals = False
20.5471 	EXP 	window1: recordFrameIntervals = True
20.7315 	EXP 	window1: recordFrameIntervals = False
21.1736 	EXP 	Created Anleitungstext1 = TextStim(__class__=<class 'psychopy.visual.text.TextStim'>, alignHoriz=method-wrapper(...), alignText='center', alignVert=method-wrapper(...), anchorHoriz='center', anchorVert='center', antialias=True, autoLog=True, bold=False, color='white', colorSpace='named', contrast=1.0, depth=0.0, flipHoriz=False, flipVert=False, font='Arial', fontFiles=[], height=0.04, italic=False, languageStyle='LTR', name='Anleitungstext1', opacity=1.0, ori=0, pos=array([0., 0.]), rgb=array([255., 255., 255.]), text=str(...), units='height', win=Window(...), wrapWidth=1)
21.1738 	EXP 	window1: mouseVisible = True
21.1840 	EXP 	Created Anleitungstext2 = TextStim(__class__=<class 'psychopy.visual.text.TextStim'>, alignHoriz=method-wrapper(...), alignText='center', alignVert=method-wrapper(...), anchorHoriz='center', anchorVert='center', antialias=True, autoLog=True, bold=False, color='white', colorSpace='named', contrast=1.0, depth=0.0, flipHoriz=False, flipVert=False, font='Arial', fontFiles=[], height=0.04, italic=False, languageStyle='LTR', name='Anleitungstext2', opacity=1.0, ori=0, pos=array([0., 0.]), rgb=array([255., 255., 255.]), text=str(...), units='height', win=Window(...), wrapWidth=1)
21.1841 	EXP 	window1: mouseVisible = True
21.2658 	EXP 	Created Cross = ImageStim(__class__=<class 'psychopy.visual.image.ImageStim'>, autoLog=True, color=array([1., 1., 1.]), colorSpace='rgb', contrast=1.0, depth=0.0, flipHoriz=False, flipVert=False, image='Kreuz.png', interpolate=True, mask=None, maskParams=None, name='Cross', opacity=1.0, ori=0.0, pos=array([0., 0.]), size=array([0.15, 0.1 ]), texRes=128, units='height', win=Window(...))
21.2691 	EXP 	Created CueFigure = ImageStim(__class__=<class 'psychopy.visual.image.ImageStim'>, autoLog=True, color=array([1., 1., 1.]), colorSpace='rgb', contrast=1.0, depth=0.0, flipHoriz=False, flipVert=False, image='sin', interpolate=True, mask=None, maskParams=None, name='CueFigure', opacity=1.0, ori=0.0, pos=array([-0.5,  0. ]), size=array([0.38, 0.22]), texRes=512, units='height', win=Window(...))
21.2713 	EXP 	Created topLeft = ImageStim(__class__=<class 'psychopy.visual.image.ImageStim'>, autoLog=True, color=array([1., 1., 1.]), colorSpace='rgb', contrast=1.0, depth=-1.0, flipHoriz=False, flipVert=False, image='sin', interpolate=True, mask=None, maskParams=None, name='topLeft', opacity=1.0, ori=0.0, pos=array([0.1, 0.2]), size=array([0.38, 0.22]), texRes=512, units='height', win=Window(...))
21.2732 	EXP 	Created bottomLeft = ImageStim(__class__=<class 'psychopy.visual.image.ImageStim'>, autoLog=True, color=array([1., 1., 1.]), colorSpace='rgb', contrast=1.0, depth=-2.0, flipHoriz=False, flipVert=False, image='sin', interpolate=True, mask=None, maskParams=None, name='bottomLeft', opacity=1.0, ori=0.0, pos=array([ 0.1, -0.2]), size=array([0.38, 0.22]), texRes=512, units='height', win=Window(...))
21.2750 	EXP 	Created topRight = ImageStim(__class__=<class 'psychopy.visual.image.ImageStim'>, autoLog=True, color=array([1., 1., 1.]), colorSpace='rgb', contrast=1.0, depth=-3.0, flipHoriz=False, flipVert=False, image='sin', interpolate=True, mask=None, maskParams=None, name='topRight', opacity=1.0, ori=0.0, pos=array([0.6, 0.2]), size=array([0.38, 0.22]), texRes=512, units='height', win=Window(...))
21.2766 	EXP 	Created bottomRight = ImageStim(__class__=<class 'psychopy.visual.image.ImageStim'>, autoLog=True, color=array([1., 1., 1.]), colorSpace='rgb', contrast=1.0, depth=-4.0, flipHoriz=False, flipVert=False, image='sin', interpolate=True, mask=None, maskParams=None, name='bottomRight', opacity=1.0, ori=0.0, pos=array([ 0.6, -0.2]), size=array([0.38, 0.22]), texRes=512, units='height', win=Window(...))
21.2807 	EXP 	Created Pfeile = ImageStim(__class__=<class 'psychopy.visual.image.ImageStim'>, autoLog=True, color=array([1., 1., 1.]), colorSpace='rgb', contrast=1.0, depth=-5.0, flipHoriz=False, flipVert=False, image='Pfeile.png', interpolate=True, mask=None, maskParams=None, name='Pfeile', opacity=1.0, ori=45.0, pos=array([0.35, 0.  ]), size=array([0.315, 0.191]), texRes=512, units='height', win=Window(...))
21.2809 	EXP 	window1: mouseVisible = True
21.2843 	EXP 	Created Fixation = ImageStim(__class__=<class 'psychopy.visual.image.ImageStim'>, autoLog=True, color=array([1., 1., 1.]), colorSpace='rgb', contrast=1.0, depth=0.0, flipHoriz=False, flipVert=False, image='Kreuz.png', interpolate=True, mask=None, maskParams=None, name='Fixation', opacity=1.0, ori=0.0, pos=array([0., 0.]), size=array([0.15, 0.1 ]), texRes=512, units='height', win=Window(...))
21.3000 	EXP 	Created Ende = TextStim(__class__=<class 'psychopy.visual.text.TextStim'>, alignHoriz=method-wrapper(...), alignText='center', alignVert=method-wrapper(...), anchorHoriz='center', anchorVert='center', antialias=True, autoLog=True, bold=False, color='white', colorSpace='named', contrast=1.0, depth=0.0, flipHoriz=False, flipVert=False, font='Arial', fontFiles=[], height=0.05, italic=False, languageStyle='LTR', name='Ende', opacity=1.0, ori=0, pos=array([0., 0.]), rgb=array([255., 255., 255.]), text='Ende\n\nVielen Dank!', units='height', win=Window(...), wrapWidth=1)
21.3376 	EXP 	Anleitungstext1: autoDraw = True
26.8857 	DATA 	Mouse: Left button down, pos=(671,530)
26.9012 	EXP 	Anleitungstext1: autoDraw = False
26.9012 	EXP 	Anleitungstext2: autoDraw = True
26.9690 	DATA 	Mouse:  Left button up, pos=(671,530)
31.0529 	DATA 	Mouse: Left button down, pos=(671,530)
31.0848 	EXP 	Anleitungstext2: autoDraw = False
31.0848 	EXP 	Cross: autoDraw = True
31.1354 	DATA 	Mouse:  Left button up, pos=(671,530)
32.1469 	EXP 	Imported FPA_Abfrage_Stimulus_List.xlsx as conditions, 6 conditions, 9 params
32.1483 	EXP 	Created sequence: sequential, trialTypes=6, nReps=1, seed=None
32.1488 	EXP 	New trial (rep=0, index=0): OrderedDict([('Cue', 'FPA_Stimuli/abstract002.png'), ('Target', 'FPA_Stimuli/abstract005.png'), ('L1', 'FPA_Stimuli/abstract010.png'), ('L2', 'FPA_Stimuli/abstract008.png'), ('R1', 'FPA_Stimuli/abstract005.png'), ('R2', 'FPA_Stimuli/abstract007.png'), ('corrPos', 'R1'), ('corrAnsw', 'FPA_Stimuli/abstract005.png'), ('Number', 1)])
32.2023 	EXP 	Cross: autoDraw = False
32.2023 	EXP 	CueFigure: image = 'FPA_Stimuli/abstract002.png'
32.2023 	EXP 	topLeft: image = 'FPA_Stimuli/abstract010.png'
32.2023 	EXP 	bottomLeft: image = 'FPA_Stimuli/abstract008.png'
32.2023 	EXP 	topRight: image = 'FPA_Stimuli/abstract005.png'
32.2023 	EXP 	bottomRight: image = 'FPA_Stimuli/abstract007.png'
32.2023 	EXP 	CueFigure: autoDraw = True
32.2023 	EXP 	topLeft: autoDraw = True
32.2023 	EXP 	bottomLeft: autoDraw = True
32.2023 	EXP 	topRight: autoDraw = True
32.2023 	EXP 	bottomRight: autoDraw = True
35.1853 	EXP 	Pfeile: autoDraw = True
35.4027 	DATA 	Mouse: Left button down, pos=(1243,622)
35.4348 	EXP 	CueFigure: autoDraw = False
35.4348 	EXP 	topLeft: autoDraw = False
35.4348 	EXP 	bottomLeft: autoDraw = False
35.4348 	EXP 	topRight: autoDraw = False
35.4348 	EXP 	bottomRight: autoDraw = False
35.4348 	EXP 	Pfeile: autoDraw = False
35.4348 	EXP 	Fixation: autoDraw = True
35.5193 	DATA 	Mouse:  Left button up, pos=(1243,622)
38.8184 	EXP 	New trial (rep=0, index=1): OrderedDict([('Cue', 'FPA_Stimuli/geometric002.png'), ('Target', 'FPA_Stimuli/geometric005.png'), ('L1', 'FPA_Stimuli/geometric009.png'), ('L2', 'FPA_Stimuli/geometric007.png'), ('R1', 'FPA_Stimuli/geometric005.png'), ('R2', 'FPA_Stimuli/geometric010.png'), ('corrPos', 'R1'), ('corrAnsw', 'FPA_Stimuli/geometric005.png'), ('Number', 1)])
38.8685 	EXP 	Fixation: autoDraw = False
38.8685 	EXP 	Fixation: autoDraw = False
38.8685 	EXP 	CueFigure: image = 'FPA_Stimuli/geometric002.png'
38.8685 	EXP 	topLeft: image = 'FPA_Stimuli/geometric009.png'
38.8685 	EXP 	bottomLeft: image = 'FPA_Stimuli/geometric007.png'
38.8685 	EXP 	topRight: image = 'FPA_Stimuli/geometric005.png'
38.8685 	EXP 	bottomRight: image = 'FPA_Stimuli/geometric010.png'
38.8685 	EXP 	CueFigure: autoDraw = True
38.8685 	EXP 	topLeft: autoDraw = True
38.8685 	EXP 	bottomLeft: autoDraw = True
38.8685 	EXP 	topRight: autoDraw = True
38.8685 	EXP 	bottomRight: autoDraw = True
41.8347 	EXP 	Pfeile: autoDraw = True
42.0686 	DATA 	Mouse: Left button down, pos=(1256,623)
42.0839 	EXP 	CueFigure: autoDraw = False
42.0839 	EXP 	topLeft: autoDraw = False
42.0839 	EXP 	bottomLeft: autoDraw = False
42.0839 	EXP 	topRight: autoDraw = False
42.0839 	EXP 	bottomRight: autoDraw = False
42.0839 	EXP 	Pfeile: autoDraw = False
42.0839 	EXP 	Fixation: autoDraw = True
42.1863 	DATA 	Mouse:  Left button up, pos=(1256,623)
44.0686 	EXP 	New trial (rep=0, index=2): OrderedDict([('Cue', 'FPA_Stimuli/abstract003.png'), ('Target', 'FPA_Stimuli/abstract006.png'), ('L1', 'FPA_Stimuli/abstract008.png'), ('L2', 'FPA_Stimuli/abstract006.png'), ('R1', 'FPA_Stimuli/abstract009.png'), ('R2', 'FPA_Stimuli/abstract010.png'), ('corrPos', 'L2'), ('corrAnsw', 'FPA_Stimuli/abstract006.png'), ('Number', 2)])
44.1179 	EXP 	Fixation: autoDraw = False
44.1179 	EXP 	Fixation: autoDraw = False
44.1179 	EXP 	CueFigure: image = 'FPA_Stimuli/abstract003.png'
44.1179 	EXP 	topLeft: image = 'FPA_Stimuli/abstract008.png'
44.1179 	EXP 	bottomLeft: image = 'FPA_Stimuli/abstract006.png'
44.1179 	EXP 	topRight: image = 'FPA_Stimuli/abstract009.png'
44.1179 	EXP 	bottomRight: image = 'FPA_Stimuli/abstract010.png'
44.1179 	EXP 	CueFigure: autoDraw = True
44.1179 	EXP 	topLeft: autoDraw = True
44.1179 	EXP 	bottomLeft: autoDraw = True
44.1179 	EXP 	topRight: autoDraw = True
44.1179 	EXP 	bottomRight: autoDraw = True
47.1003 	EXP 	Pfeile: autoDraw = True
47.4678 	DATA 	Mouse: Left button down, pos=(819,296)
47.4836 	EXP 	CueFigure: autoDraw = False
47.4836 	EXP 	topLeft: autoDraw = False
47.4836 	EXP 	bottomLeft: autoDraw = False
47.4836 	EXP 	topRight: autoDraw = False
47.4836 	EXP 	bottomRight: autoDraw = False
47.4836 	EXP 	Pfeile: autoDraw = False
47.4836 	EXP 	Fixation: autoDraw = True
47.5846 	DATA 	Mouse:  Left button up, pos=(819,296)
50.9682 	EXP 	New trial (rep=0, index=3): OrderedDict([('Cue', 'FPA_Stimuli/geometric003.png'), ('Target', 'FPA_Stimuli/geometric006.png'), ('L1', 'FPA_Stimuli/geometric008.png'), ('L2', 'FPA_Stimuli/geometric010.png'), ('R1', 'FPA_Stimuli/geometric009.png'), ('R2', 'FPA_Stimuli/geometric006.png'), ('corrPos', 'R2'), ('corrAnsw', 'FPA_Stimuli/geometric006.png'), ('Number', 1)])
51.1339 	EXP 	Fixation: autoDraw = False
51.1339 	EXP 	Fixation: autoDraw = False
51.1339 	EXP 	CueFigure: image = 'FPA_Stimuli/geometric003.png'
51.1339 	EXP 	topLeft: image = 'FPA_Stimuli/geometric008.png'
51.1339 	EXP 	bottomLeft: image = 'FPA_Stimuli/geometric010.png'
51.1339 	EXP 	topRight: image = 'FPA_Stimuli/geometric009.png'
51.1339 	EXP 	bottomRight: image = 'FPA_Stimuli/geometric006.png'
51.1339 	EXP 	CueFigure: autoDraw = True
51.1339 	EXP 	topLeft: autoDraw = True
51.1339 	EXP 	bottomLeft: autoDraw = True
51.1339 	EXP 	topRight: autoDraw = True
51.1339 	EXP 	bottomRight: autoDraw = True
54.1178 	EXP 	Pfeile: autoDraw = True
54.6522 	DATA 	Mouse: Left button down, pos=(1258,271)
54.6675 	EXP 	CueFigure: autoDraw = False
54.6675 	EXP 	topLeft: autoDraw = False
54.6675 	EXP 	bottomLeft: autoDraw = False
54.6675 	EXP 	topRight: autoDraw = False
54.6675 	EXP 	bottomRight: autoDraw = False
54.6675 	EXP 	Pfeile: autoDraw = False
54.6675 	EXP 	Fixation: autoDraw = True
54.7523 	DATA 	Mouse:  Left button up, pos=(1258,271)
57.3520 	EXP 	New trial (rep=0, index=4): OrderedDict([('Cue', 'FPA_Stimuli/abstract001.png'), ('Target', 'FPA_Stimuli/abstract004.png'), ('L1', 'FPA_Stimuli/abstract004.png'), ('L2', 'FPA_Stimuli/abstract007.png'), ('R1', 'FPA_Stimuli/abstract008.png'), ('R2', 'FPA_Stimuli/abstract009.png'), ('corrPos', 'L1'), ('corrAnsw', 'FPA_Stimuli/abstract004.png'), ('Number', 1)])
57.4013 	EXP 	Fixation: autoDraw = False
57.4013 	EXP 	Fixation: autoDraw = False
57.4013 	EXP 	CueFigure: image = 'FPA_Stimuli/abstract001.png'
57.4013 	EXP 	topLeft: image = 'FPA_Stimuli/abstract004.png'
57.4013 	EXP 	bottomLeft: image = 'FPA_Stimuli/abstract007.png'
57.4013 	EXP 	topRight: image = 'FPA_Stimuli/abstract008.png'
57.4013 	EXP 	bottomRight: image = 'FPA_Stimuli/abstract009.png'
57.4013 	EXP 	CueFigure: autoDraw = True
57.4013 	EXP 	topLeft: autoDraw = True
57.4013 	EXP 	bottomLeft: autoDraw = True
57.4013 	EXP 	topRight: autoDraw = True
57.4013 	EXP 	bottomRight: autoDraw = True
60.3842 	EXP 	Pfeile: autoDraw = True
61.2521 	DATA 	Mouse: Left button down, pos=(810,644)
61.2678 	EXP 	CueFigure: autoDraw = False
61.2678 	EXP 	topLeft: autoDraw = False
61.2678 	EXP 	bottomLeft: autoDraw = False
61.2678 	EXP 	topRight: autoDraw = False
61.2678 	EXP 	bottomRight: autoDraw = False
61.2678 	EXP 	Pfeile: autoDraw = False
61.2678 	EXP 	Fixation: autoDraw = True
61.3690 	DATA 	Mouse:  Left button up, pos=(810,644)
63.5522 	EXP 	New trial (rep=0, index=5): OrderedDict([('Cue', 'FPA_Stimuli/geomtric001.png'), ('Target', 'FPA_Stimuli/geometric004.png'), ('L1', 'FPA_Stimuli/geometric004.png'), ('L2', 'FPA_Stimuli/geometric007.png'), ('R1', 'FPA_Stimuli/geometric008.png'), ('R2', 'FPA_Stimuli/geometric009.png'), ('corrPos', 'L1'), ('corrAnsw', 'FPA_Stimuli/geometric004.png'), ('Number', 2)])
63.5528 	ERROR 	Couldn't find image FPA_Stimuli/geomtric001.png; check path? (tried: /Users/charlotte/Desktop/DOCUMENTS/UNI/MEDIZIN/PROMOTION/PsychoPy/Adaptation/FPA_Adaptation/FPA_Stimuli/geomtric001.png)
63.8560 	EXP 	window1: mouseVisible = True
