2.9901 	WARNING 	We strongly recommend you activate the PTB sound engine in PsychoPy prefs as the preferred audio engine. Its timing is vastly superior. Your prefs are currently set to use ['sounddevice', 'PTB', 'pyo', 'pygame'] (in that order).
22.8261 	WARNING 	User requested fullscreen with size [1366  768], but screen is actually [1440, 900]. Using actual size
23.6195 	EXP 	Created window1 = Window(allowGUI=False, allowStencil=False, autoLog=True, backendConf=UNKNOWN, bitsMode=UNKNOWN, blendMode='avg', bpc=(8, 8, 8), color=array([0, 0, 0]), colorSpace='rgb', depthBits=8, fullscr=<method-wrapper '__getattribute__' of attributeSetter object at 0x7fcfc2d345e0>, gamma=None, gammaErrorPolicy='raise', lms=UNKNOWN, monitor=<psychopy.monitors.calibTools.Monitor object at 0x7fcfc11c8880>, multiSample=False, name='window1', numSamples=2, pos=[360.0, 225.0], screen=0, size=array([2880, 1800]), stencilBits=0, stereo=False, units='height', useFBO=True, useRetina=True, viewOri=0.0, viewPos=None, viewScale=None, waitBlanking=True, winType='pyglet')
23.6197 	EXP 	window1: mouseVisible = True
23.6197 	EXP 	window1: Attempting to measure frame rate of screen (0) ...
23.6197 	EXP 	window1: recordFrameIntervals = False
23.7866 	EXP 	window1: recordFrameIntervals = True
23.9702 	EXP 	Screen (0) actual frame rate measured at 60.01Hz
23.9702 	EXP 	window1: recordFrameIntervals = False
27.2162 	EXP 	Created Anleitungstext1 = TextStim(__class__=<class 'psychopy.visual.text.TextStim'>, alignHoriz=method-wrapper(...), alignText='center', alignVert=method-wrapper(...), anchorHoriz='center', anchorVert='center', antialias=True, autoLog=True, bold=False, color=array([1., 1., 1.]), colorSpace='rgb', contrast=1.0, depth=0.0, flipHoriz=False, flipVert=False, font='Arial', fontFiles=[], height=0.04, italic=False, languageStyle='LTR', name='Anleitungstext1', opacity=1, ori=0, pos=array([0., 0.]), rgb=UNKNOWN, text=str(...), units='height', win=Window(...), wrapWidth=1)
27.2165 	EXP 	window1: mouseVisible = True
27.2268 	EXP 	Created Anleitungstext2 = TextStim(__class__=<class 'psychopy.visual.text.TextStim'>, alignHoriz=method-wrapper(...), alignText='center', alignVert=method-wrapper(...), anchorHoriz='center', anchorVert='center', antialias=True, autoLog=True, bold=False, color=array([1., 1., 1.]), colorSpace='rgb', contrast=1.0, depth=0.0, flipHoriz=False, flipVert=False, font='Arial', fontFiles=[], height=0.04, italic=False, languageStyle='LTR', name='Anleitungstext2', opacity=1, ori=0, pos=array([0., 0.]), rgb=UNKNOWN, text=str(...), units='height', win=Window(...), wrapWidth=1)
27.2269 	EXP 	window1: mouseVisible = True
27.2771 	EXP 	Created Cross = ImageStim(__class__=<class 'psychopy.visual.image.ImageStim'>, anchor=('center', 'center'), autoLog=True, color=array([1., 1., 1.]), colorSpace='rgb', contrast=1.0, depth=0.0, flipHoriz=False, flipVert=False, image='Kreuz.png', interpolate=True, mask=None, maskParams=None, name='Cross', opacity=1, ori=0.0, pos=array([0., 0.]), size=array([0.15, 0.1 ]), texRes=128, units='height', win=Window(...))
27.2816 	EXP 	Created CueFigure = ImageStim(__class__=<class 'psychopy.visual.image.ImageStim'>, anchor=('center', 'center'), autoLog=True, color=array([1., 1., 1.]), colorSpace='rgb', contrast=1.0, depth=0.0, flipHoriz=False, flipVert=False, image='sin', interpolate=True, mask=None, maskParams=None, name='CueFigure', opacity=1, ori=0.0, pos=array([-0.5,  0. ]), size=array([0.38, 0.22]), texRes=512, units='height', win=Window(...))
27.2864 	EXP 	Created topLeft = ImageStim(__class__=<class 'psychopy.visual.image.ImageStim'>, anchor=('center', 'center'), autoLog=True, color=array([1., 1., 1.]), colorSpace='rgb', contrast=1.0, depth=-1.0, flipHoriz=False, flipVert=False, image='sin', interpolate=True, mask=None, maskParams=None, name='topLeft', opacity=1, ori=0.0, pos=array([0.1, 0.2]), size=array([0.38, 0.22]), texRes=512, units='height', win=Window(...))
27.2909 	EXP 	Created bottomLeft = ImageStim(__class__=<class 'psychopy.visual.image.ImageStim'>, anchor=('center', 'center'), autoLog=True, color=array([1., 1., 1.]), colorSpace='rgb', contrast=1.0, depth=-2.0, flipHoriz=False, flipVert=False, image='sin', interpolate=True, mask=None, maskParams=None, name='bottomLeft', opacity=1, ori=0.0, pos=array([ 0.1, -0.2]), size=array([0.38, 0.22]), texRes=512, units='height', win=Window(...))
27.2957 	EXP 	Created topRight = ImageStim(__class__=<class 'psychopy.visual.image.ImageStim'>, anchor=('center', 'center'), autoLog=True, color=array([1., 1., 1.]), colorSpace='rgb', contrast=1.0, depth=-3.0, flipHoriz=False, flipVert=False, image='sin', interpolate=True, mask=None, maskParams=None, name='topRight', opacity=1, ori=0.0, pos=array([0.6, 0.2]), size=array([0.38, 0.22]), texRes=512, units='height', win=Window(...))
27.3004 	EXP 	Created bottomRight = ImageStim(__class__=<class 'psychopy.visual.image.ImageStim'>, anchor=('center', 'center'), autoLog=True, color=array([1., 1., 1.]), colorSpace='rgb', contrast=1.0, depth=-4.0, flipHoriz=False, flipVert=False, image='sin', interpolate=True, mask=None, maskParams=None, name='bottomRight', opacity=1, ori=0.0, pos=array([ 0.6, -0.2]), size=array([0.38, 0.22]), texRes=512, units='height', win=Window(...))
27.3120 	EXP 	Created Pfeile = ImageStim(__class__=<class 'psychopy.visual.image.ImageStim'>, anchor=('center', 'center'), autoLog=True, color=array([1., 1., 1.]), colorSpace='rgb', contrast=1.0, depth=-5.0, flipHoriz=False, flipVert=False, image='Pfeile.png', interpolate=True, mask=None, maskParams=None, name='Pfeile', opacity=1, ori=45.0, pos=array([0.35, 0.  ]), size=array([0.315, 0.191]), texRes=512, units='height', win=Window(...))
27.3121 	EXP 	window1: mouseVisible = True
27.3219 	EXP 	Created Fixation = ImageStim(__class__=<class 'psychopy.visual.image.ImageStim'>, anchor=('center', 'center'), autoLog=True, color=array([1., 1., 1.]), colorSpace='rgb', contrast=1.0, depth=0.0, flipHoriz=False, flipVert=False, image='Kreuz.png', interpolate=True, mask=None, maskParams=None, name='Fixation', opacity=1, ori=0.0, pos=array([0., 0.]), size=array([0.15, 0.1 ]), texRes=512, units='height', win=Window(...))
27.3334 	EXP 	Created Ende = TextStim(__class__=<class 'psychopy.visual.text.TextStim'>, alignHoriz=method-wrapper(...), alignText='center', alignVert=method-wrapper(...), anchorHoriz='center', anchorVert='center', antialias=True, autoLog=True, bold=False, color=array([1., 1., 1.]), colorSpace='rgb', contrast=1.0, depth=0.0, flipHoriz=False, flipVert=False, font='Arial', fontFiles=[], height=0.05, italic=False, languageStyle='LTR', name='Ende', opacity=1, ori=0, pos=array([0., 0.]), rgb=UNKNOWN, text='Ende\n\nVielen Dank!', units='height', win=Window(...), wrapWidth=1)
27.3565 	EXP 	Anleitungstext1: autoDraw = True
35.7365 	DATA 	Mouse: Left button down, pos=(697,515)
35.7521 	EXP 	Anleitungstext1: autoDraw = False
35.7521 	EXP 	Anleitungstext2: autoDraw = True
35.9865 	DATA 	Mouse:  Left button up, pos=(697,515)
39.2696 	DATA 	Mouse: Left button down, pos=(697,515)
39.2944 	EXP 	Anleitungstext2: autoDraw = False
39.2944 	EXP 	Cross: autoDraw = True
39.4872 	DATA 	Mouse:  Left button up, pos=(697,515)
40.3252 	EXP 	Imported FPA_Abfrage_Stimulus_List.xlsx as conditions, 6 conditions, 9 params
40.3340 	EXP 	Created sequence: sequential, trialTypes=6, nReps=1, seed=None
40.3369 	EXP 	New trial (rep=0, index=0): {'Cue': 'FPA_Stimuli/abstract002.png', 'Target': 'FPA_Stimuli/abstract005.png', 'L1': 'FPA_Stimuli/abstract010.png', 'L2': 'FPA_Stimuli/abstract008.png', 'R1': 'FPA_Stimuli/abstract005.png', 'R2': 'FPA_Stimuli/abstract007.png', 'corrPos': 'R1', 'corrAnsw': 'FPA_Stimuli/abstract005.png', 'Number': 1}
40.3817 	EXP 	Cross: autoDraw = False
40.3817 	EXP 	CueFigure: image = 'FPA_Stimuli/abstract002.png'
40.3817 	EXP 	topLeft: image = 'FPA_Stimuli/abstract010.png'
40.3817 	EXP 	bottomLeft: image = 'FPA_Stimuli/abstract008.png'
40.3817 	EXP 	topRight: image = 'FPA_Stimuli/abstract005.png'
40.3817 	EXP 	bottomRight: image = 'FPA_Stimuli/abstract007.png'
40.3817 	EXP 	CueFigure: autoDraw = True
40.3817 	EXP 	topLeft: autoDraw = True
40.3817 	EXP 	bottomLeft: autoDraw = True
40.3817 	EXP 	topRight: autoDraw = True
40.3817 	EXP 	bottomRight: autoDraw = True
43.3687 	EXP 	Pfeile: autoDraw = True
44.9196 	DATA 	Mouse: Left button down, pos=(1254,646)
44.9469 	EXP 	CueFigure: autoDraw = False
44.9469 	EXP 	topLeft: autoDraw = False
44.9469 	EXP 	bottomLeft: autoDraw = False
44.9469 	EXP 	topRight: autoDraw = False
44.9469 	EXP 	bottomRight: autoDraw = False
44.9469 	EXP 	Pfeile: autoDraw = False
44.9469 	EXP 	Fixation: autoDraw = True
45.1371 	DATA 	Mouse:  Left button up, pos=(1254,646)
48.5367 	EXP 	New trial (rep=0, index=1): {'Cue': 'FPA_Stimuli/geometric002.png', 'Target': 'FPA_Stimuli/geometric005.png', 'L1': 'FPA_Stimuli/geometric009.png', 'L2': 'FPA_Stimuli/geometric007.png', 'R1': 'FPA_Stimuli/geometric005.png', 'R2': 'FPA_Stimuli/geometric010.png', 'corrPos': 'R1', 'corrAnsw': 'FPA_Stimuli/geometric005.png', 'Number': 1}
48.5764 	EXP 	Fixation: autoDraw = False
48.5764 	EXP 	Fixation: autoDraw = False
48.5764 	EXP 	CueFigure: image = 'FPA_Stimuli/geometric002.png'
48.5764 	EXP 	topLeft: image = 'FPA_Stimuli/geometric009.png'
48.5764 	EXP 	bottomLeft: image = 'FPA_Stimuli/geometric007.png'
48.5764 	EXP 	topRight: image = 'FPA_Stimuli/geometric005.png'
48.5764 	EXP 	bottomRight: image = 'FPA_Stimuli/geometric010.png'
48.5764 	EXP 	CueFigure: autoDraw = True
48.5764 	EXP 	topLeft: autoDraw = True
48.5764 	EXP 	bottomLeft: autoDraw = True
48.5764 	EXP 	topRight: autoDraw = True
48.5764 	EXP 	bottomRight: autoDraw = True
51.5686 	EXP 	Pfeile: autoDraw = True
54.5861 	DATA 	Mouse: Left button down, pos=(1186,583)
54.6030 	EXP 	CueFigure: autoDraw = False
54.6030 	EXP 	topLeft: autoDraw = False
54.6030 	EXP 	bottomLeft: autoDraw = False
54.6030 	EXP 	topRight: autoDraw = False
54.6030 	EXP 	bottomRight: autoDraw = False
54.6030 	EXP 	Pfeile: autoDraw = False
54.6030 	EXP 	Fixation: autoDraw = True
54.8035 	DATA 	Mouse:  Left button up, pos=(1186,583)
59.3028 	EXP 	New trial (rep=0, index=2): {'Cue': 'FPA_Stimuli/abstract003.png', 'Target': 'FPA_Stimuli/abstract006.png', 'L1': 'FPA_Stimuli/abstract008.png', 'L2': 'FPA_Stimuli/abstract006.png', 'R1': 'FPA_Stimuli/abstract009.png', 'R2': 'FPA_Stimuli/abstract010.png', 'corrPos': 'L2', 'corrAnsw': 'FPA_Stimuli/abstract006.png', 'Number': 2}
59.3403 	EXP 	Fixation: autoDraw = False
59.3403 	EXP 	Fixation: autoDraw = False
59.3403 	EXP 	CueFigure: image = 'FPA_Stimuli/abstract003.png'
59.3403 	EXP 	topLeft: image = 'FPA_Stimuli/abstract008.png'
59.3403 	EXP 	bottomLeft: image = 'FPA_Stimuli/abstract006.png'
59.3403 	EXP 	topRight: image = 'FPA_Stimuli/abstract009.png'
59.3403 	EXP 	bottomRight: image = 'FPA_Stimuli/abstract010.png'
59.3403 	EXP 	CueFigure: autoDraw = True
59.3403 	EXP 	topLeft: autoDraw = True
59.3403 	EXP 	bottomLeft: autoDraw = True
59.3403 	EXP 	topRight: autoDraw = True
59.3403 	EXP 	bottomRight: autoDraw = True
62.3183 	EXP 	Pfeile: autoDraw = True
65.7193 	DATA 	Mouse: Left button down, pos=(1188,278)
65.7359 	EXP 	CueFigure: autoDraw = False
65.7359 	EXP 	topLeft: autoDraw = False
65.7359 	EXP 	bottomLeft: autoDraw = False
65.7359 	EXP 	topRight: autoDraw = False
65.7359 	EXP 	bottomRight: autoDraw = False
65.7359 	EXP 	Pfeile: autoDraw = False
65.7359 	EXP 	Fixation: autoDraw = True
65.9535 	DATA 	Mouse:  Left button up, pos=(1188,278)
69.5199 	EXP 	New trial (rep=0, index=3): {'Cue': 'FPA_Stimuli/geometric003.png', 'Target': 'FPA_Stimuli/geometric006.png', 'L1': 'FPA_Stimuli/geometric008.png', 'L2': 'FPA_Stimuli/geometric010.png', 'R1': 'FPA_Stimuli/geometric009.png', 'R2': 'FPA_Stimuli/geometric006.png', 'corrPos': 'R2', 'corrAnsw': 'FPA_Stimuli/geometric006.png', 'Number': 1}
69.5677 	EXP 	Fixation: autoDraw = False
69.5677 	EXP 	Fixation: autoDraw = False
69.5677 	EXP 	CueFigure: image = 'FPA_Stimuli/geometric003.png'
69.5677 	EXP 	topLeft: image = 'FPA_Stimuli/geometric008.png'
69.5677 	EXP 	bottomLeft: image = 'FPA_Stimuli/geometric010.png'
69.5677 	EXP 	topRight: image = 'FPA_Stimuli/geometric009.png'
69.5677 	EXP 	bottomRight: image = 'FPA_Stimuli/geometric006.png'
69.5677 	EXP 	CueFigure: autoDraw = True
69.5677 	EXP 	topLeft: autoDraw = True
69.5677 	EXP 	bottomLeft: autoDraw = True
69.5677 	EXP 	topRight: autoDraw = True
69.5677 	EXP 	bottomRight: autoDraw = True
72.5350 	EXP 	Pfeile: autoDraw = True
74.0526 	DATA 	Mouse: Left button down, pos=(1291,272)
74.0684 	EXP 	CueFigure: autoDraw = False
74.0684 	EXP 	topLeft: autoDraw = False
74.0684 	EXP 	bottomLeft: autoDraw = False
74.0684 	EXP 	topRight: autoDraw = False
74.0684 	EXP 	bottomRight: autoDraw = False
74.0684 	EXP 	Pfeile: autoDraw = False
74.0684 	EXP 	Fixation: autoDraw = True
74.2866 	DATA 	Mouse:  Left button up, pos=(1291,272)
78.2528 	EXP 	New trial (rep=0, index=4): {'Cue': 'FPA_Stimuli/abstract001.png', 'Target': 'FPA_Stimuli/abstract004.png', 'L1': 'FPA_Stimuli/abstract004.png', 'L2': 'FPA_Stimuli/abstract007.png', 'R1': 'FPA_Stimuli/abstract008.png', 'R2': 'FPA_Stimuli/abstract009.png', 'corrPos': 'L1', 'corrAnsw': 'FPA_Stimuli/abstract004.png', 'Number': 1}
78.2870 	EXP 	Fixation: autoDraw = False
78.2870 	EXP 	Fixation: autoDraw = False
78.2870 	EXP 	CueFigure: image = 'FPA_Stimuli/abstract001.png'
78.2870 	EXP 	topLeft: image = 'FPA_Stimuli/abstract004.png'
78.2870 	EXP 	bottomLeft: image = 'FPA_Stimuli/abstract007.png'
78.2870 	EXP 	topRight: image = 'FPA_Stimuli/abstract008.png'
78.2870 	EXP 	bottomRight: image = 'FPA_Stimuli/abstract009.png'
78.2870 	EXP 	CueFigure: autoDraw = True
78.2870 	EXP 	topLeft: autoDraw = True
78.2870 	EXP 	bottomLeft: autoDraw = True
78.2870 	EXP 	topRight: autoDraw = True
78.2870 	EXP 	bottomRight: autoDraw = True
81.2682 	EXP 	Pfeile: autoDraw = True
83.8858 	DATA 	Mouse: Left button down, pos=(1250,618)
83.9020 	EXP 	CueFigure: autoDraw = False
83.9020 	EXP 	topLeft: autoDraw = False
83.9020 	EXP 	bottomLeft: autoDraw = False
83.9020 	EXP 	topRight: autoDraw = False
83.9020 	EXP 	bottomRight: autoDraw = False
83.9020 	EXP 	Pfeile: autoDraw = False
83.9020 	EXP 	Fixation: autoDraw = True
84.1033 	DATA 	Mouse:  Left button up, pos=(1250,618)
86.0861 	EXP 	New trial (rep=0, index=5): {'Cue': 'FPA_Stimuli/geomtric001.png', 'Target': 'FPA_Stimuli/geometric004.png', 'L1': 'FPA_Stimuli/geometric004.png', 'L2': 'FPA_Stimuli/geometric007.png', 'R1': 'FPA_Stimuli/geometric008.png', 'R2': 'FPA_Stimuli/geometric009.png', 'corrPos': 'L1', 'corrAnsw': 'FPA_Stimuli/geometric004.png', 'Number': 2}
86.0990 	DEPRECATION 	Couldn't find image FPA_Stimuli/geomtric001.png; check path? (tried: /Users/charlotte/Desktop/DOCUMENTS/UNI/MEDIZIN/PROMOTION/Behaviour/PsychoPy/Adaptation/FPA_Adaptation/FPA_Stimuli/geomtric001.png)
86.6636 	EXP 	window1: mouseVisible = True
