0.8637 	WARNING 	We strongly recommend you activate the PTB sound engine in PsychoPy prefs as the preferred audio engine. Its timing is vastly superior. Your prefs are currently set to use ['sounddevice', 'PTB', 'pyo', 'pygame'] (in that order).
6.6965 	WARNING 	User requested fullscreen with size [1366  768], but screen is actually [1440, 900]. Using actual size
7.5769 	EXP 	Created window1 = Window(allowGUI=False, allowStencil=False, args=UNKNOWN, autoLog=True, bitsMode=UNKNOWN, blendMode='avg', bpc=(8, 8, 8), color=array([0., 0., 0.]), colorSpace='rgb', depthBits=8, fullscr=<method-wrapper '__getattribute__' of attributeSetter object at 0x7feddce69b38>, gamma=None, gammaErrorPolicy='raise', kwargs=UNKNOWN, lms=UNKNOWN, monitor=<psychopy.monitors.calibTools.Monitor object at 0x7feddf33fcc0>, multiSample=False, name='window1', numSamples=2, pos=[360.0, 225.0], screen=0, size=array([2880, 1800]), stencilBits=0, stereo=False, units='height', useFBO=True, useRetina=True, viewOri=0.0, viewPos=None, viewScale=None, waitBlanking=True, winType='pyglet')
7.5771 	EXP 	window1: mouseVisible = True
7.5772 	EXP 	window1: recordFrameIntervals = False
7.7420 	EXP 	window1: recordFrameIntervals = True
7.9256 	EXP 	window1: recordFrameIntervals = False
8.2866 	EXP 	Created Anleitungstext1 = TextStim(__class__=<class 'psychopy.visual.text.TextStim'>, alignHoriz=method-wrapper(...), alignText='center', alignVert=method-wrapper(...), anchorHoriz='center', anchorVert='center', antialias=True, autoLog=True, bold=False, color='white', colorSpace='named', contrast=1.0, depth=0.0, flipHoriz=False, flipVert=False, font='Arial', fontFiles=[], height=0.04, italic=False, languageStyle='LTR', name='Anleitungstext1', opacity=1.0, ori=0, pos=array([0., 0.]), rgb=array([255., 255., 255.]), text=str(...), units='height', win=Window(...), wrapWidth=1)
8.2867 	EXP 	window1: mouseVisible = True
8.2962 	EXP 	Created Anleitungstext2 = TextStim(__class__=<class 'psychopy.visual.text.TextStim'>, alignHoriz=method-wrapper(...), alignText='center', alignVert=method-wrapper(...), anchorHoriz='center', anchorVert='center', antialias=True, autoLog=True, bold=False, color='white', colorSpace='named', contrast=1.0, depth=0.0, flipHoriz=False, flipVert=False, font='Arial', fontFiles=[], height=0.04, italic=False, languageStyle='LTR', name='Anleitungstext2', opacity=1.0, ori=0, pos=array([0., 0.]), rgb=array([255., 255., 255.]), text=str(...), units='height', win=Window(...), wrapWidth=1)
8.2964 	EXP 	window1: mouseVisible = True
8.3036 	EXP 	Created Wait_for_Scanner = TextStim(__class__=<class 'psychopy.visual.text.TextStim'>, alignHoriz=method-wrapper(...), alignText='center', alignVert=method-wrapper(...), anchorHoriz='center', anchorVert='center', antialias=True, autoLog=True, bold=False, color='white', colorSpace='named', contrast=1.0, depth=0.0, flipHoriz=False, flipVert=False, font='Arial', fontFiles=[], height=0.1, italic=False, languageStyle='LTR', name='Wait_for_Scanner', opacity=1.0, ori=0, pos=array([0., 0.]), rgb=array([255., 255., 255.]), text='Warte auf Scanner...', units='height', win=Window(...), wrapWidth=1)
8.5567 	EXP 	Created Cross = ImageStim(__class__=<class 'psychopy.visual.image.ImageStim'>, autoLog=True, color=array([1., 1., 1.]), colorSpace='rgb', contrast=1.0, depth=0.0, flipHoriz=False, flipVert=False, image='Kreuz.png', interpolate=True, mask=None, maskParams=None, name='Cross', opacity=1.0, ori=0.0, pos=array([0., 0.]), size=array([0.15, 0.1 ]), texRes=128, units='height', win=Window(...))
8.5611 	EXP 	Created bottomRight = ImageStim(__class__=<class 'psychopy.visual.image.ImageStim'>, autoLog=True, color=array([1., 1., 1.]), colorSpace='rgb', contrast=1.0, depth=0.0, flipHoriz=False, flipVert=False, image='white.png', interpolate=True, mask=None, maskParams=None, name='bottomRight', opacity=1.0, ori=0.0, pos=array([ 0.6, -0.2]), size=array([0.4 , 0.24]), texRes=512, units='height', win=Window(...))
8.5646 	EXP 	Created topRight = ImageStim(__class__=<class 'psychopy.visual.image.ImageStim'>, autoLog=True, color=array([1., 1., 1.]), colorSpace='rgb', contrast=1.0, depth=-1.0, flipHoriz=False, flipVert=False, image='white.png', interpolate=True, mask=None, maskParams=None, name='topRight', opacity=1.0, ori=0.0, pos=array([0.6, 0.2]), size=array([0.4 , 0.24]), texRes=512, units='height', win=Window(...))
8.5679 	EXP 	Created bottomLeft = ImageStim(__class__=<class 'psychopy.visual.image.ImageStim'>, autoLog=True, color=array([1., 1., 1.]), colorSpace='rgb', contrast=1.0, depth=-2.0, flipHoriz=False, flipVert=False, image='white.png', interpolate=True, mask=None, maskParams=None, name='bottomLeft', opacity=1.0, ori=0.0, pos=array([ 0.1, -0.2]), size=array([0.4 , 0.24]), texRes=512, units='height', win=Window(...))
8.5711 	EXP 	Created topLeft = ImageStim(__class__=<class 'psychopy.visual.image.ImageStim'>, autoLog=True, color=array([1., 1., 1.]), colorSpace='rgb', contrast=1.0, depth=-3.0, flipHoriz=False, flipVert=False, image='white.png', interpolate=True, mask=None, maskParams=None, name='topLeft', opacity=1.0, ori=0.0, pos=array([0.1, 0.2]), size=array([0.4 , 0.24]), texRes=512, units='height', win=Window(...))
8.5752 	EXP 	Created Pfeile = ImageStim(__class__=<class 'psychopy.visual.image.ImageStim'>, autoLog=True, color=array([1., 1., 1.]), colorSpace='rgb', contrast=1.0, depth=-4.0, flipHoriz=False, flipVert=False, image='Pfeile.png', interpolate=True, mask=None, maskParams=None, name='Pfeile', opacity=1.0, ori=45.0, pos=array([0.35, 0.  ]), size=array([0.315, 0.191]), texRes=512, units='height', win=Window(...))
8.5754 	EXP 	window1: mouseVisible = True
8.5787 	EXP 	Created Stim_Background = ImageStim(__class__=<class 'psychopy.visual.image.ImageStim'>, autoLog=True, color=array([1., 1., 1.]), colorSpace='rgb', contrast=1.0, depth=-6.0, flipHoriz=False, flipVert=False, image='white.png', interpolate=True, mask=None, maskParams=None, name='Stim_Background', opacity=1.0, ori=0.0, pos=array([-0.5,  0. ]), size=array([0.4 , 0.24]), texRes=512, units='height', win=Window(...))
8.5901 	EXP 	Created Stimulus = TextStim(__class__=<class 'psychopy.visual.text.TextStim'>, alignHoriz=method-wrapper(...), alignText='center', alignVert=method-wrapper(...), anchorHoriz='center', anchorVert='center', antialias=True, autoLog=True, bold=False, color='black', colorSpace='named', contrast=1.0, depth=-7.0, flipHoriz=False, flipVert=False, font='Arial', fontFiles=[], height=0.07, italic=False, languageStyle='LTR', name='Stimulus', opacity=1.0, ori=0, pos=array([-0.5,  0. ]), rgb=array([0., 0., 0.]), text='default text', units='height', win=Window(...), wrapWidth=1)
8.5923 	EXP 	Created topLeftTxt = TextStim(__class__=<class 'psychopy.visual.text.TextStim'>, alignHoriz=method-wrapper(...), alignText='center', alignVert=method-wrapper(...), anchorHoriz='center', anchorVert='center', antialias=True, autoLog=True, bold=False, color='black', colorSpace='named', contrast=1.0, depth=-8.0, flipHoriz=False, flipVert=False, font='Arial', fontFiles=[], height=0.07, italic=False, languageStyle='LTR', name='topLeftTxt', opacity=1.0, ori=0, pos=array([0.1, 0.2]), rgb=array([0., 0., 0.]), text='default text', units='height', win=Window(...), wrapWidth=1)
8.5956 	EXP 	Created bottomLeftTxt = TextStim(__class__=<class 'psychopy.visual.text.TextStim'>, alignHoriz=method-wrapper(...), alignText='center', alignVert=method-wrapper(...), anchorHoriz='center', anchorVert='center', antialias=True, autoLog=True, bold=False, color='black', colorSpace='named', contrast=1.0, depth=-9.0, flipHoriz=False, flipVert=False, font='Arial', fontFiles=[], height=0.07, italic=False, languageStyle='LTR', name='bottomLeftTxt', opacity=1.0, ori=0, pos=array([ 0.1, -0.2]), rgb=array([0., 0., 0.]), text='default text', units='height', win=Window(...), wrapWidth=1)
8.5977 	EXP 	Created topRightTxt = TextStim(__class__=<class 'psychopy.visual.text.TextStim'>, alignHoriz=method-wrapper(...), alignText='center', alignVert=method-wrapper(...), anchorHoriz='center', anchorVert='center', antialias=True, autoLog=True, bold=False, color='black', colorSpace='named', contrast=1.0, depth=-10.0, flipHoriz=False, flipVert=False, font='Arial', fontFiles=[], height=0.07, italic=False, languageStyle='LTR', name='topRightTxt', opacity=1.0, ori=0, pos=array([0.6, 0.2]), rgb=array([0., 0., 0.]), text='default text', units='height', win=Window(...), wrapWidth=1)
8.5998 	EXP 	Created bottomRightTxt = TextStim(__class__=<class 'psychopy.visual.text.TextStim'>, alignHoriz=method-wrapper(...), alignText='center', alignVert=method-wrapper(...), anchorHoriz='center', anchorVert='center', antialias=True, autoLog=True, bold=False, color='black', colorSpace='named', contrast=1.0, depth=-11.0, flipHoriz=False, flipVert=False, font='Arial', fontFiles=[], height=0.07, italic=False, languageStyle='LTR', name='bottomRightTxt', opacity=1.0, ori=0, pos=array([ 0.6, -0.2]), rgb=array([0., 0., 0.]), text='default text', units='height', win=Window(...), wrapWidth=1)
8.6030 	EXP 	Created Fixation = ImageStim(__class__=<class 'psychopy.visual.image.ImageStim'>, autoLog=True, color=array([1., 1., 1.]), colorSpace='rgb', contrast=1.0, depth=0.0, flipHoriz=False, flipVert=False, image='Kreuz.png', interpolate=True, mask=None, maskParams=None, name='Fixation', opacity=1.0, ori=0.0, pos=array([0., 0.]), size=array([0.15, 0.1 ]), texRes=512, units='height', win=Window(...))
8.6127 	EXP 	Created Ende = TextStim(__class__=<class 'psychopy.visual.text.TextStim'>, alignHoriz=method-wrapper(...), alignText='center', alignVert=method-wrapper(...), anchorHoriz='center', anchorVert='center', antialias=True, autoLog=True, bold=False, color='white', colorSpace='named', contrast=1.0, depth=0.0, flipHoriz=False, flipVert=False, font='Arial', fontFiles=[], height=0.05, italic=False, languageStyle='LTR', name='Ende', opacity=1.0, ori=0, pos=array([0., 0.]), rgb=array([255., 255., 255.]), text='Ende\n\nVielen Dank!', units='height', win=Window(...), wrapWidth=1)
8.6392 	EXP 	Anleitungstext1: autoDraw = True
14.4269 	DATA 	Mouse: Left button down, pos=(1061,227)
14.4416 	EXP 	Anleitungstext1: autoDraw = False
14.4416 	EXP 	Anleitungstext2: autoDraw = True
14.6270 	DATA 	Mouse:  Left button up, pos=(1061,227)
15.4936 	DATA 	Mouse: Left button down, pos=(1061,227)
15.5248 	EXP 	Anleitungstext2: autoDraw = False
15.5248 	EXP 	Wait_for_Scanner: autoDraw = True
15.7266 	DATA 	Mouse:  Left button up, pos=(1061,227)
17.3556 	DATA 	Keypress: s
17.3751 	EXP 	Wait_for_Scanner: autoDraw = False
17.3751 	EXP 	Cross: autoDraw = True
18.3861 	EXP 	Imported NSWP_Abfrage_Stimulus_List.xlsx as conditions, 60 conditions, 8 params
18.3865 	EXP 	Created sequence: sequential, trialTypes=60, nReps=1, seed=None
18.3868 	EXP 	New trial (rep=0, index=0): OrderedDict([('Cue', 'SEILOG'), ('Target', 'LERBEN'), ('L1', 'DEIFEN'), ('L2', 'LERBEN'), ('R1', 'MISDIG'), ('R2', 'TEUBED'), ('CorrPos', 'L2'), ('CorrAns', 'LERBEN')])
18.4251 	EXP 	Cross: autoDraw = False
18.4251 	EXP 	Stimulus: text = 'SEILOG'
18.4251 	EXP 	topLeftTxt: text = 'DEIFEN'
18.4251 	EXP 	bottomLeftTxt: text = 'LERBEN'
18.4251 	EXP 	topRightTxt: text = 'MISDIG'
18.4251 	EXP 	bottomRightTxt: text = 'TEUBED'
18.4251 	EXP 	bottomRight: autoDraw = True
18.4251 	EXP 	topRight: autoDraw = True
18.4251 	EXP 	bottomLeft: autoDraw = True
18.4251 	EXP 	topLeft: autoDraw = True
18.4251 	EXP 	Stim_Background: autoDraw = True
18.4251 	EXP 	Stimulus: autoDraw = True
18.4251 	EXP 	topLeftTxt: autoDraw = True
18.4251 	EXP 	bottomLeftTxt: autoDraw = True
18.4251 	EXP 	topRightTxt: autoDraw = True
18.4251 	EXP 	bottomRightTxt: autoDraw = True
21.4079 	EXP 	Pfeile: autoDraw = True
22.0445 	DATA 	Mouse: Left button down, pos=(1182,561)
22.0767 	EXP 	bottomRight: autoDraw = False
22.0767 	EXP 	topRight: autoDraw = False
22.0767 	EXP 	bottomLeft: autoDraw = False
22.0767 	EXP 	topLeft: autoDraw = False
22.0767 	EXP 	Pfeile: autoDraw = False
22.0767 	EXP 	Stim_Background: autoDraw = False
22.0767 	EXP 	Stimulus: autoDraw = False
22.0767 	EXP 	topLeftTxt: autoDraw = False
22.0767 	EXP 	bottomLeftTxt: autoDraw = False
22.0767 	EXP 	topRightTxt: autoDraw = False
22.0767 	EXP 	bottomRightTxt: autoDraw = False
22.0767 	EXP 	Fixation: autoDraw = True
22.1763 	DATA 	Mouse:  Left button up, pos=(1182,561)
26.5759 	EXP 	New trial (rep=0, index=1): OrderedDict([('Cue', 'GANTIG'), ('Target', 'HEBOTZ'), ('L1', 'BENTER'), ('L2', 'REIGEB'), ('R1', 'LEBFER'), ('R2', 'HEBOTZ'), ('CorrPos', 'R2'), ('CorrAns', 'HEBOTZ')])
26.6081 	EXP 	Fixation: autoDraw = False
26.6081 	EXP 	Fixation: autoDraw = False
26.6081 	EXP 	Stimulus: text = 'GANTIG'
26.6081 	EXP 	topLeftTxt: text = 'BENTER'
26.6081 	EXP 	bottomLeftTxt: text = 'REIGEB'
26.6081 	EXP 	topRightTxt: text = 'LEBFER'
26.6081 	EXP 	bottomRightTxt: text = 'HEBOTZ'
26.6081 	EXP 	bottomRight: autoDraw = True
26.6081 	EXP 	topRight: autoDraw = True
26.6081 	EXP 	bottomLeft: autoDraw = True
26.6081 	EXP 	topLeft: autoDraw = True
26.6081 	EXP 	Stim_Background: autoDraw = True
26.6081 	EXP 	Stimulus: autoDraw = True
26.6081 	EXP 	topLeftTxt: autoDraw = True
26.6081 	EXP 	bottomLeftTxt: autoDraw = True
26.6081 	EXP 	topRightTxt: autoDraw = True
26.6081 	EXP 	bottomRightTxt: autoDraw = True
26.9944 	DATA 	Keypress: escape
27.5577 	EXP 	window1: mouseVisible = True
