1.6379 	WARNING 	We strongly recommend you activate the PTB sound engine in PsychoPy prefs as the preferred audio engine. Its timing is vastly superior. Your prefs are currently set to use ['sounddevice', 'PTB', 'pyo', 'pygame'] (in that order).
34.1255 	WARNING 	User requested fullscreen with size [1366  768], but screen is actually [1440, 900]. Using actual size
34.7597 	EXP 	Created window1 = Window(allowGUI=False, allowStencil=False, autoLog=True, backendConf=UNKNOWN, bitsMode=UNKNOWN, blendMode='avg', bpc=(8, 8, 8), color=array([0, 0, 0]), colorSpace='rgb', depthBits=8, fullscr=<method-wrapper '__getattribute__' of attributeSetter object at 0x7fbc48fc5580>, gamma=None, gammaErrorPolicy='raise', lms=UNKNOWN, monitor=<psychopy.monitors.calibTools.Monitor object at 0x7fbc48c3e4f0>, multiSample=False, name='window1', numSamples=2, pos=[360.0, 225.0], screen=0, size=array([2880, 1800]), stencilBits=0, stereo=False, units='height', useFBO=True, useRetina=True, viewOri=0.0, viewPos=None, viewScale=None, waitBlanking=True, winType='pyglet')
34.7600 	EXP 	window1: mouseVisible = True
34.7601 	EXP 	window1: Attempting to measure frame rate of screen (0) ...
34.7601 	EXP 	window1: recordFrameIntervals = False
34.9256 	EXP 	window1: recordFrameIntervals = True
35.1093 	EXP 	Screen (0) actual frame rate measured at 59.95Hz
35.1093 	EXP 	window1: recordFrameIntervals = False
37.3329 	EXP 	Created Anleitungstext1 = TextStim(__class__=<class 'psychopy.visual.text.TextStim'>, alignHoriz=method-wrapper(...), alignText='center', alignVert=method-wrapper(...), anchorHoriz='center', anchorVert='center', antialias=True, autoLog=True, bold=False, color=array([1., 1., 1.]), colorSpace='rgb', contrast=1.0, depth=0.0, flipHoriz=False, flipVert=False, font='Arial', fontFiles=[], height=0.04, italic=False, languageStyle='LTR', name='Anleitungstext1', opacity=1, ori=0, pos=array([0., 0.]), rgb=UNKNOWN, text=str(...), units='height', win=Window(...), wrapWidth=1)
37.3332 	EXP 	window1: mouseVisible = True
37.3539 	EXP 	Created Anleitungstext2 = TextStim(__class__=<class 'psychopy.visual.text.TextStim'>, alignHoriz=method-wrapper(...), alignText='center', alignVert=method-wrapper(...), anchorHoriz='center', anchorVert='center', antialias=True, autoLog=True, bold=False, color=array([1., 1., 1.]), colorSpace='rgb', contrast=1.0, depth=0.0, flipHoriz=False, flipVert=False, font='Arial', fontFiles=[], height=0.04, italic=False, languageStyle='LTR', name='Anleitungstext2', opacity=1, ori=0, pos=array([0., 0.]), rgb=UNKNOWN, text=str(...), units='height', win=Window(...), wrapWidth=1)
37.3540 	EXP 	window1: mouseVisible = True
37.3831 	EXP 	Created Cross = ImageStim(__class__=<class 'psychopy.visual.image.ImageStim'>, anchor=('center', 'center'), autoLog=True, color=array([1., 1., 1.]), colorSpace='rgb', contrast=1.0, depth=0.0, flipHoriz=False, flipVert=False, image='Kreuz.png', interpolate=True, mask=None, maskParams=None, name='Cross', opacity=1, ori=0.0, pos=array([0., 0.]), size=array([0.15, 0.1 ]), texRes=128, units='height', win=Window(...))
37.3955 	EXP 	Created Pfeile = ImageStim(__class__=<class 'psychopy.visual.image.ImageStim'>, anchor=('center', 'center'), autoLog=True, color=array([1., 1., 1.]), colorSpace='rgb', contrast=1.0, depth=0.0, flipHoriz=False, flipVert=False, image='Pfeile.png', interpolate=True, mask=None, maskParams=None, name='Pfeile', opacity=1, ori=45.0, pos=array([0.35, 0.  ]), size=array([0.315, 0.191]), texRes=512, units='height', win=Window(...))
37.3956 	EXP 	window1: mouseVisible = True
37.4057 	EXP 	Created Stim_Background = ImageStim(__class__=<class 'psychopy.visual.image.ImageStim'>, anchor=('center', 'center'), autoLog=True, color=array([1., 1., 1.]), colorSpace='rgb', contrast=1.0, depth=-2.0, flipHoriz=False, flipVert=False, image='white.png', interpolate=True, mask=None, maskParams=None, name='Stim_Background', opacity=1, ori=0.0, pos=array([-0.5,  0. ]), size=array([0.4 , 0.24]), texRes=512, units='height', win=Window(...))
37.4151 	EXP 	Created topLeft = ImageStim(__class__=<class 'psychopy.visual.image.ImageStim'>, anchor=('center', 'center'), autoLog=True, color=array([1., 1., 1.]), colorSpace='rgb', contrast=1.0, depth=-3.0, flipHoriz=False, flipVert=False, image='white.png', interpolate=True, mask=None, maskParams=None, name='topLeft', opacity=1, ori=0.0, pos=array([0.1, 0.2]), size=array([0.4 , 0.24]), texRes=512, units='height', win=Window(...))
37.4245 	EXP 	Created bottomLeft = ImageStim(__class__=<class 'psychopy.visual.image.ImageStim'>, anchor=('center', 'center'), autoLog=True, color=array([1., 1., 1.]), colorSpace='rgb', contrast=1.0, depth=-4.0, flipHoriz=False, flipVert=False, image='white.png', interpolate=True, mask=None, maskParams=None, name='bottomLeft', opacity=1, ori=0.0, pos=array([ 0.1, -0.2]), size=array([0.4 , 0.24]), texRes=512, units='height', win=Window(...))
37.4338 	EXP 	Created topRight = ImageStim(__class__=<class 'psychopy.visual.image.ImageStim'>, anchor=('center', 'center'), autoLog=True, color=array([1., 1., 1.]), colorSpace='rgb', contrast=1.0, depth=-5.0, flipHoriz=False, flipVert=False, image='white.png', interpolate=True, mask=None, maskParams=None, name='topRight', opacity=1, ori=0.0, pos=array([0.6, 0.2]), size=array([0.4 , 0.24]), texRes=512, units='height', win=Window(...))
37.4433 	EXP 	Created bottomRight = ImageStim(__class__=<class 'psychopy.visual.image.ImageStim'>, anchor=('center', 'center'), autoLog=True, color=array([1., 1., 1.]), colorSpace='rgb', contrast=1.0, depth=-6.0, flipHoriz=False, flipVert=False, image='white.png', interpolate=True, mask=None, maskParams=None, name='bottomRight', opacity=1, ori=0.0, pos=array([ 0.6, -0.2]), size=array([0.4 , 0.24]), texRes=512, units='height', win=Window(...))
37.4449 	EXP 	Created Stimulus = TextStim(__class__=<class 'psychopy.visual.text.TextStim'>, alignHoriz=method-wrapper(...), alignText='center', alignVert=method-wrapper(...), anchorHoriz='center', anchorVert='center', antialias=True, autoLog=True, bold=False, color=array([-1., -1., -1.]), colorSpace='rgb', contrast=1.0, depth=-7.0, flipHoriz=False, flipVert=False, font='Arial', fontFiles=[], height=0.07, italic=False, languageStyle='LTR', name='Stimulus', opacity=1, ori=0, pos=array([-0.5,  0. ]), rgb=UNKNOWN, text='', units='height', win=Window(...), wrapWidth=1)
37.4461 	EXP 	Created topLeftTxt = TextStim(__class__=<class 'psychopy.visual.text.TextStim'>, alignHoriz=method-wrapper(...), alignText='center', alignVert=method-wrapper(...), anchorHoriz='center', anchorVert='center', antialias=True, autoLog=True, bold=False, color=array([-1., -1., -1.]), colorSpace='rgb', contrast=1.0, depth=-8.0, flipHoriz=False, flipVert=False, font='Arial', fontFiles=[], height=0.07, italic=False, languageStyle='LTR', name='topLeftTxt', opacity=1, ori=0, pos=array([0.1, 0.2]), rgb=UNKNOWN, text='', units='height', win=Window(...), wrapWidth=1)
37.4473 	EXP 	Created bottomLeftTxt = TextStim(__class__=<class 'psychopy.visual.text.TextStim'>, alignHoriz=method-wrapper(...), alignText='center', alignVert=method-wrapper(...), anchorHoriz='center', anchorVert='center', antialias=True, autoLog=True, bold=False, color=array([-1., -1., -1.]), colorSpace='rgb', contrast=1.0, depth=-9.0, flipHoriz=False, flipVert=False, font='Arial', fontFiles=[], height=0.07, italic=False, languageStyle='LTR', name='bottomLeftTxt', opacity=1, ori=0, pos=array([ 0.1, -0.2]), rgb=UNKNOWN, text='', units='height', win=Window(...), wrapWidth=1)
37.4485 	EXP 	Created topRightTxt = TextStim(__class__=<class 'psychopy.visual.text.TextStim'>, alignHoriz=method-wrapper(...), alignText='center', alignVert=method-wrapper(...), anchorHoriz='center', anchorVert='center', antialias=True, autoLog=True, bold=False, color=array([-1., -1., -1.]), colorSpace='rgb', contrast=1.0, depth=-10.0, flipHoriz=False, flipVert=False, font='Arial', fontFiles=[], height=0.07, italic=False, languageStyle='LTR', name='topRightTxt', opacity=1, ori=0, pos=array([0.6, 0.2]), rgb=UNKNOWN, text='', units='height', win=Window(...), wrapWidth=1)
37.4497 	EXP 	Created bottomRightTxt = TextStim(__class__=<class 'psychopy.visual.text.TextStim'>, alignHoriz=method-wrapper(...), alignText='center', alignVert=method-wrapper(...), anchorHoriz='center', anchorVert='center', antialias=True, autoLog=True, bold=False, color=array([-1., -1., -1.]), colorSpace='rgb', contrast=1.0, depth=-11.0, flipHoriz=False, flipVert=False, font='Arial', fontFiles=[], height=0.07, italic=False, languageStyle='LTR', name='bottomRightTxt', opacity=1, ori=0, pos=array([ 0.6, -0.2]), rgb=UNKNOWN, text='', units='height', win=Window(...), wrapWidth=1)
37.4590 	EXP 	Created Fixation = ImageStim(__class__=<class 'psychopy.visual.image.ImageStim'>, anchor=('center', 'center'), autoLog=True, color=array([1., 1., 1.]), colorSpace='rgb', contrast=1.0, depth=0.0, flipHoriz=False, flipVert=False, image='Kreuz.png', interpolate=True, mask=None, maskParams=None, name='Fixation', opacity=1, ori=0.0, pos=array([0., 0.]), size=array([0.15, 0.1 ]), texRes=512, units='height', win=Window(...))
37.4685 	EXP 	Created Cue_Background = ImageStim(__class__=<class 'psychopy.visual.image.ImageStim'>, anchor=('center', 'center'), autoLog=True, color=array([1., 1., 1.]), colorSpace='rgb', contrast=1.0, depth=0.0, flipHoriz=False, flipVert=False, image='white.png', interpolate=True, mask=None, maskParams=None, name='Cue_Background', opacity=1, ori=0.0, pos=array([-0.4,  0. ]), size=array([0.63 , 0.382]), texRes=512, units='height', win=Window(...))
37.4778 	EXP 	Created Target_Background = ImageStim(__class__=<class 'psychopy.visual.image.ImageStim'>, anchor=('center', 'center'), autoLog=True, color=array([1., 1., 1.]), colorSpace='rgb', contrast=1.0, depth=-1.0, flipHoriz=False, flipVert=False, image='white.png', interpolate=True, mask=None, maskParams=None, name='Target_Background', opacity=1, ori=0.0, pos=array([0.4, 0. ]), size=array([0.63 , 0.382]), texRes=512, units='height', win=Window(...))
37.4794 	EXP 	Created CueWord = TextStim(__class__=<class 'psychopy.visual.text.TextStim'>, alignHoriz=method-wrapper(...), alignText='center', alignVert=method-wrapper(...), anchorHoriz='center', anchorVert='center', antialias=True, autoLog=True, bold=False, color=array([-1., -1., -1.]), colorSpace='rgb', contrast=1.0, depth=-2.0, flipHoriz=False, flipVert=False, font='Arial', fontFiles=[], height=0.1, italic=False, languageStyle='LTR', name='CueWord', opacity=1, ori=0, pos=array([-0.4,  0. ]), rgb=UNKNOWN, text='', units='height', win=Window(...), wrapWidth=1)
37.4806 	EXP 	Created TargetWord = TextStim(__class__=<class 'psychopy.visual.text.TextStim'>, alignHoriz=method-wrapper(...), alignText='center', alignVert=method-wrapper(...), anchorHoriz='center', anchorVert='center', antialias=True, autoLog=True, bold=False, color=array([-1., -1., -1.]), colorSpace='rgb', contrast=1.0, depth=-3.0, flipHoriz=False, flipVert=False, font='Arial', fontFiles=[], height=0.1, italic=False, languageStyle='LTR', name='TargetWord', opacity=1, ori=0, pos=array([0.4, 0. ]), rgb=UNKNOWN, text='', units='height', win=Window(...), wrapWidth=1)
37.4897 	EXP 	Created Fixation = ImageStim(__class__=<class 'psychopy.visual.image.ImageStim'>, anchor=('center', 'center'), autoLog=True, color=array([1., 1., 1.]), colorSpace='rgb', contrast=1.0, depth=0.0, flipHoriz=False, flipVert=False, image='Kreuz.png', interpolate=True, mask=None, maskParams=None, name='Fixation', opacity=1, ori=0.0, pos=array([0., 0.]), size=array([0.15, 0.1 ]), texRes=512, units='height', win=Window(...))
37.5016 	EXP 	Created Ende = TextStim(__class__=<class 'psychopy.visual.text.TextStim'>, alignHoriz=method-wrapper(...), alignText='center', alignVert=method-wrapper(...), anchorHoriz='center', anchorVert='center', antialias=True, autoLog=True, bold=False, color=array([1., 1., 1.]), colorSpace='rgb', contrast=1.0, depth=0.0, flipHoriz=False, flipVert=False, font='Arial', fontFiles=[], height=0.05, italic=False, languageStyle='LTR', name='Ende', opacity=1, ori=0, pos=array([0., 0.]), rgb=UNKNOWN, text='Ende\n\nVielen Dank!', units='height', win=Window(...), wrapWidth=1)
37.5189 	EXP 	Anleitungstext1: autoDraw = True
44.5787 	DATA 	Mouse: Left button down, pos=(575,508)
44.6077 	EXP 	Anleitungstext1: autoDraw = False
44.6077 	EXP 	Anleitungstext2: autoDraw = True
44.7418 	DATA 	Mouse:  Left button up, pos=(575,508)
64.4582 	DATA 	Mouse: Left button down, pos=(575,508)
64.4795 	EXP 	Anleitungstext2: autoDraw = False
64.4795 	EXP 	Cross: autoDraw = True
64.7257 	DATA 	Mouse:  Left button up, pos=(575,508)
65.5072 	EXP 	Imported NSWP_ImmRec_Stimulus_List.xlsx as conditions, 6 conditions, 8 params
65.5078 	EXP 	Created sequence: sequential, trialTypes=6, nReps=1, seed=None
65.5082 	EXP 	New trial (rep=0, index=0): {'Cue': 'FRAMEL', 'Target': 'TAMRIE', 'L1': 'DAUTER', 'L2': 'TEISPE', 'R1': 'TAMRIE', 'R2': 'DEUNET', 'CorrPos': 'R1', 'CorrAns': 'TAMRIE'}
65.5490 	EXP 	Cross: autoDraw = False
65.5490 	EXP 	Stimulus: height = 0.07
65.5490 	EXP 	Stimulus: height = 0.07
65.5490 	EXP 	Stimulus: text = 'FRAMEL'
65.5490 	EXP 	topLeftTxt: height = 0.07
65.5490 	EXP 	topLeftTxt: height = 0.07
65.5490 	EXP 	topLeftTxt: text = 'DAUTER'
65.5490 	EXP 	bottomLeftTxt: height = 0.07
65.5490 	EXP 	bottomLeftTxt: height = 0.07
65.5490 	EXP 	bottomLeftTxt: text = 'TEISPE'
65.5490 	EXP 	topRightTxt: height = 0.07
65.5490 	EXP 	topRightTxt: height = 0.07
65.5490 	EXP 	topRightTxt: text = 'TAMRIE'
65.5490 	EXP 	bottomRightTxt: height = 0.07
65.5490 	EXP 	bottomRightTxt: height = 0.07
65.5490 	EXP 	bottomRightTxt: text = 'DEUNET'
65.5490 	EXP 	Stim_Background: autoDraw = True
65.5490 	EXP 	topLeft: autoDraw = True
65.5490 	EXP 	bottomLeft: autoDraw = True
65.5490 	EXP 	topRight: autoDraw = True
65.5490 	EXP 	bottomRight: autoDraw = True
65.5490 	EXP 	Stimulus: autoDraw = True
65.5490 	EXP 	topLeftTxt: autoDraw = True
65.5490 	EXP 	bottomLeftTxt: autoDraw = True
65.5490 	EXP 	topRightTxt: autoDraw = True
65.5490 	EXP 	bottomRightTxt: autoDraw = True
68.5228 	EXP 	Pfeile: autoDraw = True
72.4851 	EXP 	Pfeile: autoDraw = False
72.4851 	EXP 	Stim_Background: autoDraw = False
72.4851 	EXP 	topLeft: autoDraw = False
72.4851 	EXP 	bottomLeft: autoDraw = False
72.4851 	EXP 	topRight: autoDraw = False
72.4851 	EXP 	bottomRight: autoDraw = False
72.4851 	EXP 	Stimulus: autoDraw = False
72.4851 	EXP 	topLeftTxt: autoDraw = False
72.4851 	EXP 	bottomLeftTxt: autoDraw = False
72.4851 	EXP 	topRightTxt: autoDraw = False
72.4851 	EXP 	bottomRightTxt: autoDraw = False
72.4851 	EXP 	Fixation: autoDraw = True
77.1037 	EXP 	Fixation: autoDraw = False
77.1037 	EXP 	Fixation: autoDraw = False
77.1037 	EXP 	CueWord: height = 0.1
77.1037 	EXP 	CueWord: height = 0.1
77.1037 	EXP 	CueWord: text = 'FRAMEL'
77.1037 	EXP 	TargetWord: height = 0.1
77.1037 	EXP 	TargetWord: height = 0.1
77.1037 	EXP 	TargetWord: text = 'TAMRIE'
77.1037 	EXP 	Cue_Background: autoDraw = True
77.1037 	EXP 	Target_Background: autoDraw = True
77.1037 	EXP 	CueWord: autoDraw = True
77.1037 	EXP 	TargetWord: autoDraw = True
80.1070 	EXP 	Cue_Background: autoDraw = False
80.1070 	EXP 	Target_Background: autoDraw = False
80.1070 	EXP 	CueWord: autoDraw = False
80.1070 	EXP 	TargetWord: autoDraw = False
80.1070 	EXP 	Fixation: autoDraw = True
84.2915 	EXP 	New trial (rep=0, index=1): {'Cue': 'GERTRA', 'Target': 'STRUKE', 'L1': 'KONDEN', 'L2': 'STRUKE', 'R1': 'DARMIL', 'R2': 'KONFER', 'CorrPos': 'L2', 'CorrAns': 'STRUKE'}
84.3242 	EXP 	Fixation: autoDraw = False
84.3242 	EXP 	Fixation: autoDraw = False
84.3242 	EXP 	Stimulus: height = 0.07
84.3242 	EXP 	Stimulus: height = 0.07
84.3242 	EXP 	Stimulus: text = 'GERTRA'
84.3242 	EXP 	topLeftTxt: height = 0.07
84.3242 	EXP 	topLeftTxt: height = 0.07
84.3242 	EXP 	topLeftTxt: text = 'KONDEN'
84.3242 	EXP 	bottomLeftTxt: height = 0.07
84.3242 	EXP 	bottomLeftTxt: height = 0.07
84.3242 	EXP 	bottomLeftTxt: text = 'STRUKE'
84.3242 	EXP 	topRightTxt: height = 0.07
84.3242 	EXP 	topRightTxt: height = 0.07
84.3242 	EXP 	topRightTxt: text = 'DARMIL'
84.3242 	EXP 	bottomRightTxt: height = 0.07
84.3242 	EXP 	bottomRightTxt: height = 0.07
84.3242 	EXP 	bottomRightTxt: text = 'KONFER'
84.3242 	EXP 	Stim_Background: autoDraw = True
84.3242 	EXP 	topLeft: autoDraw = True
84.3242 	EXP 	bottomLeft: autoDraw = True
84.3242 	EXP 	topRight: autoDraw = True
84.3242 	EXP 	bottomRight: autoDraw = True
84.3242 	EXP 	Stimulus: autoDraw = True
84.3242 	EXP 	topLeftTxt: autoDraw = True
84.3242 	EXP 	bottomLeftTxt: autoDraw = True
84.3242 	EXP 	topRightTxt: autoDraw = True
84.3242 	EXP 	bottomRightTxt: autoDraw = True
87.3081 	EXP 	Pfeile: autoDraw = True
91.3088 	EXP 	Pfeile: autoDraw = False
91.3088 	EXP 	Stim_Background: autoDraw = False
91.3088 	EXP 	topLeft: autoDraw = False
91.3088 	EXP 	bottomLeft: autoDraw = False
91.3088 	EXP 	topRight: autoDraw = False
91.3088 	EXP 	bottomRight: autoDraw = False
91.3088 	EXP 	Stimulus: autoDraw = False
91.3088 	EXP 	topLeftTxt: autoDraw = False
91.3088 	EXP 	bottomLeftTxt: autoDraw = False
91.3088 	EXP 	topRightTxt: autoDraw = False
91.3088 	EXP 	bottomRightTxt: autoDraw = False
91.3088 	EXP 	Fixation: autoDraw = True
94.7311 	EXP 	Fixation: autoDraw = False
94.7311 	EXP 	Fixation: autoDraw = False
94.7311 	EXP 	CueWord: height = 0.1
94.7311 	EXP 	CueWord: height = 0.1
94.7311 	EXP 	CueWord: text = 'GERTRA'
94.7311 	EXP 	TargetWord: height = 0.1
94.7311 	EXP 	TargetWord: height = 0.1
94.7311 	EXP 	TargetWord: text = 'STRUKE'
94.7311 	EXP 	Cue_Background: autoDraw = True
94.7311 	EXP 	Target_Background: autoDraw = True
94.7311 	EXP 	CueWord: autoDraw = True
94.7311 	EXP 	TargetWord: autoDraw = True
97.7407 	EXP 	Cue_Background: autoDraw = False
97.7407 	EXP 	Target_Background: autoDraw = False
97.7407 	EXP 	CueWord: autoDraw = False
97.7407 	EXP 	TargetWord: autoDraw = False
97.7407 	EXP 	Fixation: autoDraw = True
100.6251 	EXP 	New trial (rep=0, index=2): {'Cue': 'LURFEN', 'Target': 'UNGRAL', 'L1': 'MANION', 'L2': 'DEUWES', 'R1': 'TROWEN', 'R2': 'UNGRAL', 'CorrPos': 'R2', 'CorrAns': 'UNGRAL'}
100.6576 	EXP 	Fixation: autoDraw = False
100.6576 	EXP 	Fixation: autoDraw = False
100.6576 	EXP 	Stimulus: height = 0.07
100.6576 	EXP 	Stimulus: height = 0.07
100.6576 	EXP 	Stimulus: text = 'LURFEN'
100.6576 	EXP 	topLeftTxt: height = 0.07
100.6576 	EXP 	topLeftTxt: height = 0.07
100.6576 	EXP 	topLeftTxt: text = 'MANION'
100.6576 	EXP 	bottomLeftTxt: height = 0.07
100.6576 	EXP 	bottomLeftTxt: height = 0.07
100.6576 	EXP 	bottomLeftTxt: text = 'DEUWES'
100.6576 	EXP 	topRightTxt: height = 0.07
100.6576 	EXP 	topRightTxt: height = 0.07
100.6576 	EXP 	topRightTxt: text = 'TROWEN'
100.6576 	EXP 	bottomRightTxt: height = 0.07
100.6576 	EXP 	bottomRightTxt: height = 0.07
100.6576 	EXP 	bottomRightTxt: text = 'UNGRAL'
100.6576 	EXP 	Stim_Background: autoDraw = True
100.6576 	EXP 	topLeft: autoDraw = True
100.6576 	EXP 	bottomLeft: autoDraw = True
100.6576 	EXP 	topRight: autoDraw = True
100.6576 	EXP 	bottomRight: autoDraw = True
100.6576 	EXP 	Stimulus: autoDraw = True
100.6576 	EXP 	topLeftTxt: autoDraw = True
100.6576 	EXP 	bottomLeftTxt: autoDraw = True
100.6576 	EXP 	topRightTxt: autoDraw = True
100.6576 	EXP 	bottomRightTxt: autoDraw = True
103.6518 	EXP 	Pfeile: autoDraw = True
104.7544 	DATA 	Keypress: escape
106.0289 	EXP 	window1: mouseVisible = True
